#
# A fatal error has been detected by the Java Runtime Environment:
#
#  EXCEPTION_ACCESS_VIOLATION (0xc0000005) at pc=0x000000006951380a, pid=544, tid=0x0000000000000894
#
# JRE version: OpenJDK Runtime Environment (8.0_432-b06) (build 1.8.0_432-b06)
# Java VM: OpenJDK 64-Bit Server VM (25.432-b06 mixed mode windows-amd64 compressed oops)
# Problematic frame:
# V  [jvm.dll+0x9380a]
#
# Failed to write core dump. Minidumps are not enabled by default on client versions of Windows
#
# If you would like to submit a bug report, please visit:
#   https://github.com/adoptium/adoptium-support/issues
#

---------------  T H R E A D  ---------------

Current thread (0x000002c191e7e000):  JavaThread "C2 CompilerThread3" daemon [_thread_in_native, id=2196, stack(0x000000f2ea500000,0x000000f2ea600000)]

siginfo: ExceptionCode=0xc0000005, writing address 0x0000000069555efc

Registers:
RAX=0x000002c194e0c4f0, RBX=0x0000000069555ee4, RCX=0x000002c194e0c4f0, RDX=0x0000000000000000
RSP=0x000000f2ea5fac30, RBP=0x000000f2ea5facb9, RSI=0x000002c193138930, RDI=0x000002c194e0c480
R8 =0x0000000000000000, R9 =0x0000000000000000, R10=0x00007ffaaa480000, R11=0x0000000000000000
R12=0x0000000000000000, R13=0x000002c1931396b0, R14=0x0000000000000012, R15=0x000002c194e08df0
RIP=0x000000006951380a, EFLAGS=0x0000000000010286

Top of Stack: (sp=0x000000f2ea5fac30)
0x000000f2ea5fac30:   000002c194e0c4d0 000002c193138930
0x000000f2ea5fac40:   000000f2ea5facf8 000000010002aac0
0x000000f2ea5fac50:   0000e33db8ba4efb 000002c194e0c480
0x000000f2ea5fac60:   000002c194e0c4d0 000002c191e7e000
0x000000f2ea5fac70:   0000000000000001 0000000100123e10
0x000000f2ea5fac80:   0000000000000000 000002c19177e738
0x000000f2ea5fac90:   000000010002aac0 000000006952ae1c
0x000000f2ea5faca0:   000002c1931379c0 000000010002aac0
0x000000f2ea5facb0:   000000f2ea5fad80 000002c191e7e000
0x000000f2ea5facc0:   0000000000000000 000000006948da01
0x000000f2ea5facd0:   000002c191e7e000 000002c194e08df0
0x000000f2ea5face0:   0000000000000001 000002c194e10dd8
0x000000f2ea5facf0:   000002c194e0c480 0000000000000000
0x000000f2ea5fad00:   000002c1931396b0 000000f2ea5fae40
0x000000f2ea5fad10:   000000f2ea5fe2e8 000000006951312d
0x000000f2ea5fad20:   000002c1931396b0 000002c100000012 

Instructions: (pc=0x000000006951380a)
0x00000000695137ea:   8b c8 c7 40 04 05 00 00 00 c7 40 10 07 00 00 00
0x00000000695137fa:   4c 89 60 08 e8 4d 51 1c 00 83 7b 04 00 41 8b d4
0x000000006951380a:   48 89 43 18 7e 1b 48 8b 43 18 45 33 c0 48 63 ca
0x000000006951381a:   ff c2 4c 89 04 c8 3b 53 04 7c eb eb 04 4c 89 65 


Register to memory mapping:

RAX=0x000002c194e0c4f0 is an unknown value
RBX=0x0000000069555ee4 is an unknown value
RCX=0x000002c194e0c4f0 is an unknown value
RDX=0x0000000000000000 is an unknown value
RSP=0x000000f2ea5fac30 is pointing into the stack for thread: 0x000002c191e7e000
RBP=0x000000f2ea5facb9 is pointing into the stack for thread: 0x000002c191e7e000
RSI=0x000002c193138930 is an unknown value
RDI=0x000002c194e0c480 is an unknown value
R8 =0x0000000000000000 is an unknown value
R9 =0x0000000000000000 is an unknown value
R10=0x00007ffaaa480000 is an unknown value
R11=0x0000000000000000 is an unknown value
R12=0x0000000000000000 is an unknown value
R13=0x000002c1931396b0 is an unknown value
R14=0x0000000000000012 is an unknown value
R15=0x000002c194e08df0 is an unknown value


Stack: [0x000000f2ea500000,0x000000f2ea600000],  sp=0x000000f2ea5fac30,  free space=1003k
Native frames: (J=compiled Java code, j=interpreted, Vv=VM code, C=native code)
V  [jvm.dll+0x9380a]
V  [jvm.dll+0x9312d]
V  [jvm.dll+0x1c646]
V  [jvm.dll+0x48e39b]
V  [jvm.dll+0x478de9]
V  [jvm.dll+0x509bb6]
V  [jvm.dll+0x501a06]
V  [jvm.dll+0x50124a]
V  [jvm.dll+0x4ff14a]
V  [jvm.dll+0x452b3d]
V  [jvm.dll+0x47930f]
V  [jvm.dll+0x509bb6]
V  [jvm.dll+0x501a06]
V  [jvm.dll+0x50124a]
V  [jvm.dll+0x4ff14a]
V  [jvm.dll+0x452b3d]
V  [jvm.dll+0x47930f]
V  [jvm.dll+0x509bb6]
V  [jvm.dll+0x501a06]
V  [jvm.dll+0x50124a]
V  [jvm.dll+0x4ff14a]
V  [jvm.dll+0x452b3d]
V  [jvm.dll+0x47930f]
V  [jvm.dll+0x509bb6]
V  [jvm.dll+0x501a06]
V  [jvm.dll+0x50124a]
V  [jvm.dll+0x4ff14a]
V  [jvm.dll+0x452b3d]
V  [jvm.dll+0x47930f]
V  [jvm.dll+0x509bb6]
V  [jvm.dll+0x501a06]
V  [jvm.dll+0x50124a]
V  [jvm.dll+0x4ff14a]
V  [jvm.dll+0x452b3d]
V  [jvm.dll+0x453864]
V  [jvm.dll+0x47930f]
V  [jvm.dll+0x509bb6]
V  [jvm.dll+0x501a06]
V  [jvm.dll+0x50124a]
V  [jvm.dll+0x4ff14a]
V  [jvm.dll+0x452b3d]
V  [jvm.dll+0x466272]
V  [jvm.dll+0x450817]
V  [jvm.dll+0x8ba5f]
V  [jvm.dll+0x8a2fd]
V  [jvm.dll+0x226d05]
V  [jvm.dll+0x27828c]
C  [ucrtbase.dll+0x21bb2]
C  [KERNEL32.DLL+0x17374]
C  [ntdll.dll+0x4cc91]


Current CompileTask:
C2:  10026 3417   !   4       com.sun.xml.bind.v2.model.impl.ClassInfoImpl::addProperty (1387 bytes)


---------------  P R O C E S S  ---------------

Java Threads: ( => current thread )
  0x000002c191f37800 JavaThread "Service Thread" daemon [_thread_blocked, id=5624, stack(0x000000f2eae00000,0x000000f2eaf00000)]
  0x000002c191e9f800 JavaThread "C1 CompilerThread11" daemon [_thread_blocked, id=5596, stack(0x000000f2ead00000,0x000000f2eae00000)]
  0x000002c191e9e000 JavaThread "C1 CompilerThread10" daemon [_thread_blocked, id=8752, stack(0x000000f2eac00000,0x000000f2ead00000)]
  0x000002c191e99800 JavaThread "C1 CompilerThread9" daemon [_thread_blocked, id=7716, stack(0x000000f2eab00000,0x000000f2eac00000)]
  0x000002c191e9d000 JavaThread "C1 CompilerThread8" daemon [_thread_blocked, id=10368, stack(0x000000f2eaa00000,0x000000f2eab00000)]
  0x000002c191e98000 JavaThread "C2 CompilerThread7" daemon [_thread_blocked, id=7076, stack(0x000000f2ea900000,0x000000f2eaa00000)]
  0x000002c191e8c000 JavaThread "C2 CompilerThread6" daemon [_thread_blocked, id=7072, stack(0x000000f2ea800000,0x000000f2ea900000)]
  0x000002c191e89000 JavaThread "C2 CompilerThread5" daemon [_thread_blocked, id=6824, stack(0x000000f2ea700000,0x000000f2ea800000)]
  0x000002c191e88000 JavaThread "C2 CompilerThread4" daemon [_thread_blocked, id=6856, stack(0x000000f2ea600000,0x000000f2ea700000)]
=>0x000002c191e7e000 JavaThread "C2 CompilerThread3" daemon [_thread_in_native, id=2196, stack(0x000000f2ea500000,0x000000f2ea600000)]
  0x000002c191e7a000 JavaThread "C2 CompilerThread2" daemon [_thread_blocked, id=6572, stack(0x000000f2ea400000,0x000000f2ea500000)]
  0x000002c191e73000 JavaThread "C2 CompilerThread1" daemon [_thread_blocked, id=6488, stack(0x000000f2ea300000,0x000000f2ea400000)]
  0x000002c191e77800 JavaThread "C2 CompilerThread0" daemon [_thread_blocked, id=6364, stack(0x000000f2ea200000,0x000000f2ea300000)]
  0x000002c191e6a000 JavaThread "Attach Listener" daemon [_thread_blocked, id=6372, stack(0x000000f2ea100000,0x000000f2ea200000)]
  0x000002c191e67800 JavaThread "Signal Dispatcher" daemon [_thread_blocked, id=6000, stack(0x000000f2ea000000,0x000000f2ea100000)]
  0x000002c191e41000 JavaThread "Finalizer" daemon [_thread_blocked, id=5488, stack(0x000000f2e9f00000,0x000000f2ea000000)]
  0x000002c191e39800 JavaThread "Reference Handler" daemon [_thread_blocked, id=5320, stack(0x000000f2e9e00000,0x000000f2e9f00000)]
  0x000002c180352000 JavaThread "main" [_thread_in_native, id=5144, stack(0x000000f2e9c00000,0x000000f2e9d00000)]

Other Threads:
  0x000002c191e11800 VMThread [stack: 0x000000f2e9d00000,0x000000f2e9e00000] [id=5324]
  0x000002c191f3b000 WatcherThread [stack: 0x000000f2eaf00000,0x000000f2eb000000] [id=10988]

VM state:not at safepoint (normal execution)

VM Mutex/Monitor currently owned by a thread: None

heap address: 0x00000000a2400000, size: 1500 MB, Compressed Oops mode: 32-bit
Narrow klass base: 0x0000000000000000, Narrow klass shift: 3
Compressed class space size: 1073741824 Address: 0x0000000100000000

Heap:
 def new generation   total 75584K, used 58510K [0x00000000a2400000, 0x00000000a7600000, 0x00000000c1800000)
  eden space 67200K,  79% used [0x00000000a2400000, 0x00000000a57ebcb8, 0x00000000a65a0000)
  from space 8384K,  63% used [0x00000000a65a0000, 0x00000000a6ad7c58, 0x00000000a6dd0000)
  to   space 8384K,   0% used [0x00000000a6dd0000, 0x00000000a6dd0000, 0x00000000a7600000)
 tenured generation   total 167936K, used 13560K [0x00000000c1800000, 0x00000000cbc00000, 0x0000000100000000)
   the space 167936K,   8% used [0x00000000c1800000, 0x00000000c253e2a0, 0x00000000c253e400, 0x00000000cbc00000)
 Metaspace       used 14205K, capacity 14470K, committed 14720K, reserved 1062912K
  class space    used 1484K, capacity 1537K, committed 1664K, reserved 1048576K

Card table byte_map: [0x000002c191120000,0x000002c191410000] byte_map_base: 0x000002c190c0e000

Polling page: 0x000002c1802d0000

CodeCache: size=245760Kb used=13096Kb max_used=14159Kb free=232663Kb
 bounds [0x000002c181d60000, 0x000002c182b80000, 0x000002c190d60000]
 total_blobs=3421 nmethods=3052 adapters=279
 compilation: enabled

Compilation events (10 events):
Event: 10.011 Thread 0x000002c191e9e000 nmethod 3425 0x000002c1821d7410 code [0x000002c1821d7580, 0x000002c1821d7890]
Event: 10.011 Thread 0x000002c191e99800 nmethod 3428 0x000002c1822f4350 code [0x000002c1822f44c0, 0x000002c1822f4670]
Event: 10.011 Thread 0x000002c191e9e000 3429       3       com.sun.org.apache.xerces.internal.impl.XMLDocumentScannerImpl::<init> (126 bytes)
Event: 10.011 Thread 0x000002c191e99800 3430       3       com.sun.org.apache.xerces.internal.impl.XMLDocumentFragmentScannerImpl::<init> (304 bytes)
Event: 10.011 Thread 0x000002c191e9d000 nmethod 3426 0x000002c1822191d0 code [0x000002c182219360, 0x000002c1822196d0]
Event: 10.011 Thread 0x000002c191e9f800 nmethod 3427 0x000002c1822ddc50 code [0x000002c1822ddde0, 0x000002c1822de150]
Event: 10.011 Thread 0x000002c191e9f800 3431       3       com.sun.org.apache.xerces.internal.impl.XMLVersionDetector::<init> (137 bytes)
Event: 10.011 Thread 0x000002c191e9f800 nmethod 3431 0x000002c1821411d0 code [0x000002c182141340, 0x000002c182141778]
Event: 10.011 Thread 0x000002c191e9e000 nmethod 3429 0x000002c1820960d0 code [0x000002c1820962e0, 0x000002c182096fe0]
Event: 10.011 Thread 0x000002c191e99800 nmethod 3430 0x000002c1822d87d0 code [0x000002c1822d8a80, 0x000002c1822da1b0]

GC Heap History (10 events):
Event: 7.370 GC heap before
{Heap before GC invocations=1 (full 0):
 def new generation   total 75584K, used 74085K [0x00000000a2400000, 0x00000000a7600000, 0x00000000c1800000)
  eden space 67200K,  97% used [0x00000000a2400000, 0x00000000a6429570, 0x00000000a65a0000)
  from space 8384K,  99% used [0x00000000a6dd0000, 0x00000000a75ffff8, 0x00000000a7600000)
  to   space 8384K,   0% used [0x00000000a65a0000, 0x00000000a65a0000, 0x00000000a6dd0000)
 tenured generation   total 167936K, used 6087K [0x00000000c1800000, 0x00000000cbc00000, 0x0000000100000000)
   the space 167936K,   3% used [0x00000000c1800000, 0x00000000c1df1c50, 0x00000000c1df1e00, 0x00000000cbc00000)
 Metaspace       used 13217K, capacity 13530K, committed 13568K, reserved 1060864K
  class space    used 1429K, capacity 1503K, committed 1536K, reserved 1048576K
Event: 7.388 GC heap after
Heap after GC invocations=2 (full 0):
 def new generation   total 75584K, used 7474K [0x00000000a2400000, 0x00000000a7600000, 0x00000000c1800000)
  eden space 67200K,   0% used [0x00000000a2400000, 0x00000000a2400000, 0x00000000a65a0000)
  from space 8384K,  89% used [0x00000000a65a0000, 0x00000000a6cec948, 0x00000000a6dd0000)
  to   space 8384K,   0% used [0x00000000a6dd0000, 0x00000000a6dd0000, 0x00000000a7600000)
 tenured generation   total 167936K, used 10723K [0x00000000c1800000, 0x00000000cbc00000, 0x0000000100000000)
   the space 167936K,   6% used [0x00000000c1800000, 0x00000000c2278f38, 0x00000000c2279000, 0x00000000cbc00000)
 Metaspace       used 13217K, capacity 13530K, committed 13568K, reserved 1060864K
  class space    used 1429K, capacity 1503K, committed 1536K, reserved 1048576K
}
Event: 7.974 GC heap before
{Heap before GC invocations=2 (full 0):
 def new generation   total 75584K, used 74674K [0x00000000a2400000, 0x00000000a7600000, 0x00000000c1800000)
  eden space 67200K, 100% used [0x00000000a2400000, 0x00000000a65a0000, 0x00000000a65a0000)
  from space 8384K,  89% used [0x00000000a65a0000, 0x00000000a6cec948, 0x00000000a6dd0000)
  to   space 8384K,   0% used [0x00000000a6dd0000, 0x00000000a6dd0000, 0x00000000a7600000)
 tenured generation   total 167936K, used 10723K [0x00000000c1800000, 0x00000000cbc00000, 0x0000000100000000)
   the space 167936K,   6% used [0x00000000c1800000, 0x00000000c2278f38, 0x00000000c2279000, 0x00000000cbc00000)
 Metaspace       used 13961K, capacity 14170K, committed 14336K, reserved 1062912K
  class space    used 1481K, capacity 1503K, committed 1536K, reserved 1048576K
Event: 7.983 GC heap after
Heap after GC invocations=3 (full 0):
 def new generation   total 75584K, used 4955K [0x00000000a2400000, 0x00000000a7600000, 0x00000000c1800000)
  eden space 67200K,   0% used [0x00000000a2400000, 0x00000000a2400000, 0x00000000a65a0000)
  from space 8384K,  59% used [0x00000000a6dd0000, 0x00000000a72a6db0, 0x00000000a7600000)
  to   space 8384K,   0% used [0x00000000a65a0000, 0x00000000a65a0000, 0x00000000a6dd0000)
 tenured generation   total 167936K, used 12743K [0x00000000c1800000, 0x00000000cbc00000, 0x0000000100000000)
   the space 167936K,   7% used [0x00000000c1800000, 0x00000000c2471db8, 0x00000000c2471e00, 0x00000000cbc00000)
 Metaspace       used 13961K, capacity 14170K, committed 14336K, reserved 1062912K
  class space    used 1481K, capacity 1503K, committed 1536K, reserved 1048576K
}
Event: 8.525 GC heap before
{Heap before GC invocations=3 (full 0):
 def new generation   total 75584K, used 72155K [0x00000000a2400000, 0x00000000a7600000, 0x00000000c1800000)
  eden space 67200K, 100% used [0x00000000a2400000, 0x00000000a65a0000, 0x00000000a65a0000)
  from space 8384K,  59% used [0x00000000a6dd0000, 0x00000000a72a6db0, 0x00000000a7600000)
  to   space 8384K,   0% used [0x00000000a65a0000, 0x00000000a65a0000, 0x00000000a6dd0000)
 tenured generation   total 167936K, used 12743K [0x00000000c1800000, 0x00000000cbc00000, 0x0000000100000000)
   the space 167936K,   7% used [0x00000000c1800000, 0x00000000c2471db8, 0x00000000c2471e00, 0x00000000cbc00000)
 Metaspace       used 14047K, capacity 14298K, committed 14336K, reserved 1062912K
  class space    used 1481K, capacity 1503K, committed 1536K, reserved 1048576K
Event: 8.531 GC heap after
Heap after GC invocations=4 (full 0):
 def new generation   total 75584K, used 5169K [0x00000000a2400000, 0x00000000a7600000, 0x00000000c1800000)
  eden space 67200K,   0% used [0x00000000a2400000, 0x00000000a2400000, 0x00000000a65a0000)
  from space 8384K,  61% used [0x00000000a65a0000, 0x00000000a6aac658, 0x00000000a6dd0000)
  to   space 8384K,   0% used [0x00000000a6dd0000, 0x00000000a6dd0000, 0x00000000a7600000)
 tenured generation   total 167936K, used 13240K [0x00000000c1800000, 0x00000000cbc00000, 0x0000000100000000)
   the space 167936K,   7% used [0x00000000c1800000, 0x00000000c24ee130, 0x00000000c24ee200, 0x00000000cbc00000)
 Metaspace       used 14047K, capacity 14298K, committed 14336K, reserved 1062912K
  class space    used 1481K, capacity 1503K, committed 1536K, reserved 1048576K
}
Event: 9.047 GC heap before
{Heap before GC invocations=4 (full 0):
 def new generation   total 75584K, used 72369K [0x00000000a2400000, 0x00000000a7600000, 0x00000000c1800000)
  eden space 67200K, 100% used [0x00000000a2400000, 0x00000000a65a0000, 0x00000000a65a0000)
  from space 8384K,  61% used [0x00000000a65a0000, 0x00000000a6aac658, 0x00000000a6dd0000)
  to   space 8384K,   0% used [0x00000000a6dd0000, 0x00000000a6dd0000, 0x00000000a7600000)
 tenured generation   total 167936K, used 13240K [0x00000000c1800000, 0x00000000cbc00000, 0x0000000100000000)
   the space 167936K,   7% used [0x00000000c1800000, 0x00000000c24ee130, 0x00000000c24ee200, 0x00000000cbc00000)
 Metaspace       used 14091K, capacity 14330K, committed 14336K, reserved 1062912K
  class space    used 1482K, capacity 1535K, committed 1536K, reserved 1048576K
Event: 9.053 GC heap after
Heap after GC invocations=5 (full 0):
 def new generation   total 75584K, used 5234K [0x00000000a2400000, 0x00000000a7600000, 0x00000000c1800000)
  eden space 67200K,   0% used [0x00000000a2400000, 0x00000000a2400000, 0x00000000a65a0000)
  from space 8384K,  62% used [0x00000000a6dd0000, 0x00000000a72ec958, 0x00000000a7600000)
  to   space 8384K,   0% used [0x00000000a65a0000, 0x00000000a65a0000, 0x00000000a6dd0000)
 tenured generation   total 167936K, used 13426K [0x00000000c1800000, 0x00000000cbc00000, 0x0000000100000000)
   the space 167936K,   7% used [0x00000000c1800000, 0x00000000c251ca20, 0x00000000c251cc00, 0x00000000cbc00000)
 Metaspace       used 14091K, capacity 14330K, committed 14336K, reserved 1062912K
  class space    used 1482K, capacity 1535K, committed 1536K, reserved 1048576K
}
Event: 9.607 GC heap before
{Heap before GC invocations=5 (full 0):
 def new generation   total 75584K, used 72434K [0x00000000a2400000, 0x00000000a7600000, 0x00000000c1800000)
  eden space 67200K, 100% used [0x00000000a2400000, 0x00000000a65a0000, 0x00000000a65a0000)
  from space 8384K,  62% used [0x00000000a6dd0000, 0x00000000a72ec958, 0x00000000a7600000)
  to   space 8384K,   0% used [0x00000000a65a0000, 0x00000000a65a0000, 0x00000000a6dd0000)
 tenured generation   total 167936K, used 13426K [0x00000000c1800000, 0x00000000cbc00000, 0x0000000100000000)
   the space 167936K,   7% used [0x00000000c1800000, 0x00000000c251ca20, 0x00000000c251cc00, 0x00000000cbc00000)
 Metaspace       used 14128K, capacity 14336K, committed 14336K, reserved 1062912K
  class space    used 1484K, capacity 1536K, committed 1536K, reserved 1048576K
Event: 9.615 GC heap after
Heap after GC invocations=6 (full 0):
 def new generation   total 75584K, used 5343K [0x00000000a2400000, 0x00000000a7600000, 0x00000000c1800000)
  eden space 67200K,   0% used [0x00000000a2400000, 0x00000000a2400000, 0x00000000a65a0000)
  from space 8384K,  63% used [0x00000000a65a0000, 0x00000000a6ad7c58, 0x00000000a6dd0000)
  to   space 8384K,   0% used [0x00000000a6dd0000, 0x00000000a6dd0000, 0x00000000a7600000)
 tenured generation   total 167936K, used 13560K [0x00000000c1800000, 0x00000000cbc00000, 0x0000000100000000)
   the space 167936K,   8% used [0x00000000c1800000, 0x00000000c253e2a0, 0x00000000c253e400, 0x00000000cbc00000)
 Metaspace       used 14128K, capacity 14336K, committed 14336K, reserved 1062912K
  class space    used 1484K, capacity 1536K, committed 1536K, reserved 1048576K
}

Deoptimization events (10 events):
Event: 7.460 Thread 0x000002c180352000 Uncommon trap: reason=class_check action=maybe_recompile pc=0x000002c18258d3b0 method=java.util.HashMap.putVal(ILjava/lang/Object;Ljava/lang/Object;ZZ)Ljava/lang/Object; @ 203
Event: 7.460 Thread 0x000002c180352000 Uncommon trap: reason=class_check action=maybe_recompile pc=0x000002c1825802cc method=java.util.HashMap.putVal(ILjava/lang/Object;Ljava/lang/Object;ZZ)Ljava/lang/Object; @ 203
Event: 7.462 Thread 0x000002c180352000 Uncommon trap: reason=unstable_if action=reinterpret pc=0x000002c1821b0db8 method=java.util.regex.Pattern.expr(Ljava/util/regex/Pattern$Node;)Ljava/util/regex/Pattern$Node; @ 129
Event: 7.613 Thread 0x000002c180352000 Uncommon trap: reason=unstable_if action=reinterpret pc=0x000002c1822a710c method=com.sun.org.apache.xerces.internal.impl.XMLDocumentFragmentScannerImpl.seekCloseOfStartTag()Z @ 95
Event: 7.614 Thread 0x000002c180352000 Uncommon trap: reason=class_check action=maybe_recompile pc=0x000002c1828289d0 method=java.io.FilterInputStream.read([BII)I @ 7
Event: 7.614 Thread 0x000002c180352000 Uncommon trap: reason=class_check action=maybe_recompile pc=0x000002c1828289d0 method=java.io.FilterInputStream.read([BII)I @ 7
Event: 7.615 Thread 0x000002c180352000 Uncommon trap: reason=class_check action=maybe_recompile pc=0x000002c1828289d0 method=java.io.FilterInputStream.read([BII)I @ 7
Event: 7.615 Thread 0x000002c180352000 Uncommon trap: reason=class_check action=maybe_recompile pc=0x000002c1828289d0 method=java.io.FilterInputStream.read([BII)I @ 7
Event: 8.896 Thread 0x000002c180352000 Uncommon trap: reason=bimorphic action=maybe_recompile pc=0x000002c1829e7b14 method=com.google.common.collect.AbstractMapBasedMultimap.put(Ljava/lang/Object;Ljava/lang/Object;)Z @ 70
Event: 10.006 Thread 0x000002c180352000 Uncommon trap: reason=bimorphic action=maybe_recompile pc=0x000002c1829e7b14 method=com.google.common.collect.AbstractMapBasedMultimap.put(Ljava/lang/Object;Ljava/lang/Object;)Z @ 70

Classes redefined (0 events):
No events

Internal exceptions (10 events):
Event: 9.907 Thread 0x000002c180352000 Exception <a 'java/lang/ClassNotFoundException': com/sun/org/glassfish/hk2/osgiresourcelocator/ServiceLoader> (0x00000000a4796c40) thrown at [C:\workspace\openjdk-build\workspace\build\src\hotspot\src\share\vm\classfile\systemDictionary.cpp, line 217]
Event: 9.918 Thread 0x000002c180352000 Exception <a 'java/lang/ClassNotFoundException': com/sun/org/glassfish/hk2/osgiresourcelocator/ServiceLoader> (0x00000000a49072a8) thrown at [C:\workspace\openjdk-build\workspace\build\src\hotspot\src\share\vm\classfile\systemDictionary.cpp, line 217]
Event: 9.928 Thread 0x000002c180352000 Exception <a 'java/lang/ClassNotFoundException': com/sun/org/glassfish/hk2/osgiresourcelocator/ServiceLoader> (0x00000000a4a76c20) thrown at [C:\workspace\openjdk-build\workspace\build\src\hotspot\src\share\vm\classfile\systemDictionary.cpp, line 217]
Event: 9.939 Thread 0x000002c180352000 Exception <a 'java/lang/ClassNotFoundException': com/sun/org/glassfish/hk2/osgiresourcelocator/ServiceLoader> (0x00000000a4be50d0) thrown at [C:\workspace\openjdk-build\workspace\build\src\hotspot\src\share\vm\classfile\systemDictionary.cpp, line 217]
Event: 9.950 Thread 0x000002c180352000 Exception <a 'java/lang/ClassNotFoundException': com/sun/org/glassfish/hk2/osgiresourcelocator/ServiceLoader> (0x00000000a4d54870) thrown at [C:\workspace\openjdk-build\workspace\build\src\hotspot\src\share\vm\classfile\systemDictionary.cpp, line 217]
Event: 9.962 Thread 0x000002c180352000 Exception <a 'java/lang/ClassNotFoundException': com/sun/org/glassfish/hk2/osgiresourcelocator/ServiceLoader> (0x00000000a4ec2d00) thrown at [C:\workspace\openjdk-build\workspace\build\src\hotspot\src\share\vm\classfile\systemDictionary.cpp, line 217]
Event: 9.973 Thread 0x000002c180352000 Exception <a 'java/lang/ClassNotFoundException': com/sun/org/glassfish/hk2/osgiresourcelocator/ServiceLoader> (0x00000000a507e6e0) thrown at [C:\workspace\openjdk-build\workspace\build\src\hotspot\src\share\vm\classfile\systemDictionary.cpp, line 217]
Event: 9.984 Thread 0x000002c180352000 Exception <a 'java/lang/ClassNotFoundException': com/sun/org/glassfish/hk2/osgiresourcelocator/ServiceLoader> (0x00000000a51ecb60) thrown at [C:\workspace\openjdk-build\workspace\build\src\hotspot\src\share\vm\classfile\systemDictionary.cpp, line 217]
Event: 9.995 Thread 0x000002c180352000 Exception <a 'java/lang/ClassNotFoundException': com/sun/org/glassfish/hk2/osgiresourcelocator/ServiceLoader> (0x00000000a535c2e0) thrown at [C:\workspace\openjdk-build\workspace\build\src\hotspot\src\share\vm\classfile\systemDictionary.cpp, line 217]
Event: 10.007 Thread 0x000002c180352000 Exception <a 'java/lang/ClassNotFoundException': com/sun/org/glassfish/hk2/osgiresourcelocator/ServiceLoader> (0x00000000a54ca6d0) thrown at [C:\workspace\openjdk-build\workspace\build\src\hotspot\src\share\vm\classfile\systemDictionary.cpp, line 217]

Events (10 events):
Event: 10.006 Thread 0x000002c180352000 DEOPT PACKING pc=0x000002c1829e7b14 sp=0x000000f2e9cfef90
Event: 10.006 Thread 0x000002c180352000 DEOPT UNPACKING pc=0x000002c181da5583 sp=0x000000f2e9cfef98 mode 2
Event: 10.007 loading class com/sun/org/glassfish/hk2/osgiresourcelocator/ServiceLoader
Event: 10.007 loading class com/sun/org/glassfish/hk2/osgiresourcelocator/ServiceLoader done
Event: 10.007 loading class java/lang/ObjectFactory
Event: 10.007 loading class java/lang/ObjectFactory done
Event: 10.008 loading class java/lang/ObjectFactory
Event: 10.008 loading class java/lang/ObjectFactory done
Event: 10.008 loading class java/lang/ObjectFactory
Event: 10.008 loading class java/lang/ObjectFactory done


Dynamic libraries:
0x00007ff67a8b0000 - 0x00007ff67a8fd000 	C:\users\cleuber\documents\quartus_intel\quartus\bin64\jre64\bin\java.exe
0x00007ffb30a10000 - 0x00007ffb30c08000 	C:\Windows\SYSTEM32\ntdll.dll
0x00007ffb2fb40000 - 0x00007ffb2fc02000 	C:\Windows\System32\KERNEL32.DLL
0x00007ffb2e260000 - 0x00007ffb2e556000 	C:\Windows\System32\KERNELBASE.dll
0x00007ffb2fc10000 - 0x00007ffb2fcbf000 	C:\Windows\System32\ADVAPI32.dll
0x00007ffb2f200000 - 0x00007ffb2f29e000 	C:\Windows\System32\msvcrt.dll
0x00007ffb306b0000 - 0x00007ffb3074f000 	C:\Windows\System32\sechost.dll
0x00007ffb2eaa0000 - 0x00007ffb2ebc3000 	C:\Windows\System32\RPCRT4.dll
0x00007ffb2ea10000 - 0x00007ffb2ea37000 	C:\Windows\System32\bcrypt.dll
0x00007ffb30800000 - 0x00007ffb3099d000 	C:\Windows\System32\USER32.dll
0x00007ffb2e710000 - 0x00007ffb2e732000 	C:\Windows\System32\win32u.dll
0x00007ffb309a0000 - 0x00007ffb309cb000 	C:\Windows\System32\GDI32.dll
0x00007ffb2e740000 - 0x00007ffb2e85a000 	C:\Windows\System32\gdi32full.dll
0x00007ffb2e140000 - 0x00007ffb2e1dd000 	C:\Windows\System32\msvcp_win.dll
0x00007ffb2e910000 - 0x00007ffb2ea10000 	C:\Windows\System32\ucrtbase.dll
0x00007ffb1f920000 - 0x00007ffb1fbba000 	C:\Windows\WinSxS\amd64_microsoft.windows.common-controls_6595b64144ccf1df_6.0.19041.5794_none_60bcd33171f2783c\COMCTL32.dll
0x00007ffb30680000 - 0x00007ffb306af000 	C:\Windows\System32\IMM32.DLL
0x00007ffaaa480000 - 0x00007ffaaa49e000 	C:\users\cleuber\documents\quartus_intel\quartus\bin64\jre64\bin\vcruntime140.dll
0x00007ffaaa470000 - 0x00007ffaaa47c000 	C:\users\cleuber\documents\quartus_intel\quartus\bin64\jre64\bin\vcruntime140_1.dll
0x00007ffaaa3e0000 - 0x00007ffaaa46d000 	C:\users\cleuber\documents\quartus_intel\quartus\bin64\jre64\bin\msvcp140.dll
0x0000000069480000 - 0x0000000069d16000 	C:\users\cleuber\documents\quartus_intel\quartus\bin64\jre64\bin\server\jvm.dll
0x00007ffb2ec60000 - 0x00007ffb2ec68000 	C:\Windows\System32\PSAPI.DLL
0x00007ffb22eb0000 - 0x00007ffb22ed7000 	C:\Windows\SYSTEM32\WINMM.dll
0x00007ffb26280000 - 0x00007ffb2628a000 	C:\Windows\SYSTEM32\VERSION.dll
0x00007ffaaa3d0000 - 0x00007ffaaa3d9000 	C:\Windows\SYSTEM32\WSOCK32.dll
0x00007ffb30430000 - 0x00007ffb3049b000 	C:\Windows\System32\ws2_32.DLL
0x00007ffb2bf30000 - 0x00007ffb2bf42000 	C:\Windows\SYSTEM32\kernel.appcore.dll
0x00007ffaaa3c0000 - 0x00007ffaaa3d0000 	C:\users\cleuber\documents\quartus_intel\quartus\bin64\jre64\bin\verify.dll
0x00007ffaaa390000 - 0x00007ffaaa3bb000 	C:\users\cleuber\documents\quartus_intel\quartus\bin64\jre64\bin\java.dll
0x00007ffaaa370000 - 0x00007ffaaa388000 	C:\users\cleuber\documents\quartus_intel\quartus\bin64\jre64\bin\zip.dll
0x00007ffb2fcc0000 - 0x00007ffb3042e000 	C:\Windows\System32\SHELL32.dll
0x00007ffb2c130000 - 0x00007ffb2c8d3000 	C:\Windows\SYSTEM32\windows.storage.dll
0x00007ffb2ee90000 - 0x00007ffb2f1e3000 	C:\Windows\System32\combase.dll
0x00007ffb2dae0000 - 0x00007ffb2db0b000 	C:\Windows\SYSTEM32\Wldp.dll
0x00007ffb30500000 - 0x00007ffb305cd000 	C:\Windows\System32\OLEAUT32.dll
0x00007ffb30750000 - 0x00007ffb307fd000 	C:\Windows\System32\SHCORE.dll
0x00007ffb304a0000 - 0x00007ffb304f5000 	C:\Windows\System32\shlwapi.dll
0x00007ffb2dfe0000 - 0x00007ffb2e005000 	C:\Windows\SYSTEM32\profapi.dll
0x00007ffb2da30000 - 0x00007ffb2da48000 	C:\Windows\SYSTEM32\CRYPTSP.dll
0x00007ffb2d0f0000 - 0x00007ffb2d128000 	C:\Windows\system32\rsaenh.dll
0x00007ffb2dfa0000 - 0x00007ffb2dfce000 	C:\Windows\SYSTEM32\USERENV.dll
0x00007ffb2e0b0000 - 0x00007ffb2e132000 	C:\Windows\System32\bcryptprimitives.dll
0x00007ffb2da50000 - 0x00007ffb2da5c000 	C:\Windows\SYSTEM32\CRYPTBASE.dll
0x00007ffaa9860000 - 0x00007ffaa987c000 	C:\Users\Cleuber\Documents\Quartus_intel\quartus\bin64\jre64\bin\net.dll
0x00007ffb2d840000 - 0x00007ffb2d8ac000 	C:\Windows\system32\mswsock.dll
0x00007ffb2d4d0000 - 0x00007ffb2d50b000 	C:\Windows\SYSTEM32\IPHLPAPI.DLL
0x00007ffb2fb30000 - 0x00007ffb2fb38000 	C:\Windows\System32\NSI.dll
0x00007ffb278e0000 - 0x00007ffb278f7000 	C:\Windows\SYSTEM32\dhcpcsvc6.DLL
0x00007ffb29bf0000 - 0x00007ffb29c0d000 	C:\Windows\SYSTEM32\dhcpcsvc.DLL
0x00007ffb2d520000 - 0x00007ffb2d5ea000 	C:\Windows\SYSTEM32\DNSAPI.dll
0x00007ffaa9840000 - 0x00007ffaa9853000 	C:\Users\Cleuber\Documents\Quartus_intel\quartus\bin64\jre64\bin\nio.dll
0x00007ffaa9830000 - 0x00007ffaa9836000 	C:\Users\Cleuber\Documents\Quartus_intel\quartus\bin64\sld_utiljni.dll
0x0000000069d20000 - 0x0000000069eaa000 	C:\Users\Cleuber\Documents\Quartus_intel\quartus\bin64\tcl86.dll
0x00007ffb0e4e0000 - 0x00007ffb0e4f9000 	C:\Windows\SYSTEM32\NETAPI32.dll
0x00007ffb1ac40000 - 0x00007ffb1ac59000 	C:\Windows\SYSTEM32\SAMCLI.DLL
0x00007ffb2d510000 - 0x00007ffb2d51c000 	C:\Windows\SYSTEM32\NETUTILS.DLL
0x00007ffb2d5f0000 - 0x00007ffb2d634000 	C:\Windows\SYSTEM32\LOGONCLI.DLL
0x00007ffad8cd0000 - 0x00007ffad8e0c000 	C:\Users\Cleuber\Documents\Quartus_intel\quartus\bin64\ccl_sqlite3.dll
0x00007ffaa9810000 - 0x00007ffaa9822000 	C:\Users\Cleuber\Documents\Quartus_intel\quartus\bin64\ccl_sqlite3_jdbc_jni_bridge.dll
0x00007ffad8ef0000 - 0x00007ffad90e3000 	C:\Users\Cleuber\Documents\Quartus_intel\quartus\bin64\dbghelp.dll

VM Arguments:
jvm_args: -Xmx1500M -XX:+UseSerialGC 
java_command: com.altera.sopcmodel.sbtools.sbcatalog.SbCatalog --xml --project-directory= --search-path=$,E:\Controlador VGA,E:\Controlador VGA
java_class_path (initial): C:/users/cleuber/documents/quartus_intel/quartus/sopc_builder/model/lib\Nlview.jar;C:/users/cleuber/documents/quartus_intel/quartus/sopc_builder/model/lib\TableLayout.jar;C:/users/cleuber/documents/quartus_intel/quartus/sopc_builder/model/lib\appframework-1.03.jar;C:/users/cleuber/documents/quartus_intel/quartus/sopc_builder/model/lib\asm-3.1.jar;C:/users/cleuber/documents/quartus_intel/quartus/sopc_builder/model/lib\asm-commons-3.1.jar;C:/users/cleuber/documents/quartus_intel/quartus/sopc_builder/model/lib\basicmodel.jar;C:/users/cleuber/documents/quartus_intel/quartus/sopc_builder/model/lib\beansbinding-1.2.1.jar;C:/users/cleuber/documents/quartus_intel/quartus/sopc_builder/model/lib\binding-2.0.6.jar;C:/users/cleuber/documents/quartus_intel/quartus/sopc_builder/model/lib\com.altera.componenteditor2.jar;C:/users/cleuber/documents/quartus_intel/quartus/sopc_builder/model/lib\com.altera.embeddedsw.app_lib.jar;C:/users/cleuber/documents/quartus_intel/quartus/sopc_builder/model/lib\com.altera.embeddedsw.bsp.editor.jar;C:/users/cleuber/documents/quartus_intel/quartus/sopc_builder/model/lib\com.altera.embeddedsw.bsp.elements.jar;C:/users/cleuber/documents/quartus_intel/quartus/sopc_builder/model/lib\com.altera.embeddedsw.bsp.jar;C:/users/cleuber/documents/quartus_intel/quartus/sopc_builder/model/lib\com.altera.embeddedsw.bsp.plugin.core.jar;C:/users/cleuber/documents/quartus_intel/quartus/sopc_builder/model/lib\com.altera.embeddedsw.bsp.plugin.hal.jar;C:/users/cleuber/documents/quartus_intel/quartus/sopc_builder/model/lib\com.altera.embeddedsw.bsp.plugin.lwhal.jar;C:/users/cleuber/documents/quartus_intel/quartus/sopc_builder/model/lib\com.altera.embeddedsw.bsp.schema.jar;C:/users/cleuber/documents/quartus_intel/quartus/sopc_builder/model/lib\com.altera.embeddedsw.bsp.scripting.jar;C:/users/cleuber/documents/quartus_intel/quartus/sopc_builder/model/lib\com.altera.embeddedsw.commandline.jar;C:/users/cleuber/documents/quartus_intel/quartus/sopc
Launcher Type: SUN_STANDARD

Environment Variables:
PATH=C:/users/cleuber/documents/quartus_intel/quartus/bin64;c:\users\cleuber\documents\quartus_intel\quartus\bin64\;C:\Windows\system32;C:\Windows;C:\Windows\System32\Wbem;C:\Windows\System32\WindowsPowerShell\v1.0\;C:\Windows\System32\OpenSSH\;C:\Program Files\NVIDIA Corporation\NVIDIA App\NvDLISR;C:\Program Files (x86)\NVIDIA Corporation\PhysX\Common;C:\Users\Cleuber\AppData\Local\Microsoft\WindowsApps;;C:\Users\Cleuber\Documents\Quartus_intel\questa_fse\win64;C:\Users\Cleuber\AppData\Local\Programs\Microsoft VS Code\bin
USERNAME=Cleuber
OS=Windows_NT
PROCESSOR_IDENTIFIER=AMD64 Family 23 Model 96 Stepping 1, AuthenticAMD



---------------  S Y S T E M  ---------------

OS: Windows 10 , 64 bit Build 19041 (10.0.19041.5794)

CPU:total 16 (initial active 16) (16 cores per cpu, 1 threads per core) family 23 model 96 stepping 1, cmov, cx8, fxsr, mmx, sse, sse2, sse3, ssse3, sse4.1, sse4.2, popcnt, avx, avx2, aes, clmul, mmxext, 3dnowpref, lzcnt, sse4a, tsc, tscinvbit, tscinv, bmi1

Memory: 4k page, physical 16119108k(11502940k free), swap 20575556k(15148212k free)

vm_info: OpenJDK 64-Bit Server VM (25.432-b06) for windows-amd64 JRE (1.8.0_432-b06), built on Oct 17 2024 09:44:22 by "jenkins" with unknown MS VC++:1937

time: Tue Jun 10 00:42:55 2025
timezone: Hora oficial do Brasil
elapsed time: 10.028722 seconds (0d 0h 0m 10s)

